{"message":"\u001b[1m\u001b[4m\u001b[31mError: keyword is not defined\u001b[39m\u001b[24m\u001b[22m","level":"error","service":"user-service","timestamp":"2021-04-06T12:20:10.109Z"}
{"message":"\u001b[1m\u001b[4m\u001b[31mError: products is not defined\u001b[39m\u001b[24m\u001b[22m","level":"error","timestamp":"2021-04-08T10:43:31.260Z"}
{"message":"\u001b[1m\u001b[4m\u001b[31mError: products is not defined\u001b[39m\u001b[24m\u001b[22m","level":"error","timestamp":"2021-04-08T10:43:40.600Z"}
{"message":"\u001b[1m\u001b[4m\u001b[31mError: products is not defined\u001b[39m\u001b[24m\u001b[22m","level":"error","timestamp":"2021-04-08T10:47:20.015Z"}
{"message":"\u001b[1m\u001b[4m\u001b[31mError: Cannot read property 'length' of undefined\u001b[39m\u001b[24m\u001b[22m","level":"error","timestamp":"2021-04-08T11:04:58.095Z"}
{"message":"\u001b[1m\u001b[4m\u001b[31mError: Cannot read property 'length' of undefined\u001b[39m\u001b[24m\u001b[22m","level":"error","timestamp":"2021-04-08T11:04:59.858Z"}
{"message":"\u001b[1m\u001b[4m\u001b[31mError: Cannot read property 'products' of undefined\u001b[39m\u001b[24m\u001b[22m","level":"error","timestamp":"2021-04-08T11:12:51.950Z"}
{"message":"\u001b[1m\u001b[4m\u001b[31mError: Cannot read property 'products' of undefined\u001b[39m\u001b[24m\u001b[22m","level":"error","timestamp":"2021-04-08T11:12:56.523Z"}
{"message":"\u001b[1m\u001b[4m\u001b[31mError: Cannot read property 'products' of undefined\u001b[39m\u001b[24m\u001b[22m","level":"error","timestamp":"2021-04-08T11:15:16.102Z"}
{"message":"\u001b[1m\u001b[4m\u001b[31mError: Cannot read property 'products' of undefined\u001b[39m\u001b[24m\u001b[22m","level":"error","timestamp":"2021-04-08T11:15:49.975Z"}
{"message":"\u001b[1m\u001b[4m\u001b[31mError: Cannot read property 'products' of undefined\u001b[39m\u001b[24m\u001b[22m","level":"error","timestamp":"2021-04-08T11:32:51.213Z"}
{"message":"\u001b[1m\u001b[4m\u001b[31mError: Cannot read property 'products' of undefined\u001b[39m\u001b[24m\u001b[22m","level":"error","timestamp":"2021-04-08T11:32:55.076Z"}
{"message":"\u001b[1m\u001b[4m\u001b[31mError: Cannot read property 'products' of undefined\u001b[39m\u001b[24m\u001b[22m","level":"error","timestamp":"2021-04-08T11:35:01.461Z"}
{"message":"\u001b[1m\u001b[4m\u001b[31mError: products.json is not a function\u001b[39m\u001b[24m\u001b[22m","level":"error","timestamp":"2021-04-08T11:35:01.811Z"}
{"message":"\u001b[1m\u001b[4m\u001b[31mError: Cannot read property 'products' of undefined\u001b[39m\u001b[24m\u001b[22m","level":"error","timestamp":"2021-04-08T11:36:59.815Z"}
{"message":"\u001b[1m\u001b[4m\u001b[31mError: products.json is not a function\u001b[39m\u001b[24m\u001b[22m","level":"error","timestamp":"2021-04-08T11:37:00.145Z"}
{"message":"\u001b[1m\u001b[4m\u001b[31mError: Cannot read property 'products' of undefined\u001b[39m\u001b[24m\u001b[22m","level":"error","timestamp":"2021-04-10T11:40:38.624Z"}
{"message":"\u001b[1m\u001b[4m\u001b[31mError: products.json is not a function\u001b[39m\u001b[24m\u001b[22m","level":"error","timestamp":"2021-04-10T11:40:39.037Z"}
{"message":"\u001b[1m\u001b[4m\u001b[31mError: Cannot read property 'products' of undefined\u001b[39m\u001b[24m\u001b[22m","level":"error","timestamp":"2021-04-10T11:52:57.716Z"}
{"message":"\u001b[1m\u001b[4m\u001b[31mError: products.json is not a function\u001b[39m\u001b[24m\u001b[22m","level":"error","timestamp":"2021-04-10T11:52:58.070Z"}
{"message":"\u001b[1m\u001b[4m\u001b[31mError: Cannot read property 'products' of undefined\u001b[39m\u001b[24m\u001b[22m","level":"error","timestamp":"2021-04-10T11:54:53.140Z"}
{"message":"\u001b[1m\u001b[4m\u001b[31mError: Cannot read property 'products' of undefined\u001b[39m\u001b[24m\u001b[22m","level":"error","timestamp":"2021-04-10T11:58:50.872Z"}
{"message":"\u001b[1m\u001b[4m\u001b[31mError: Cannot read property 'products' of undefined\u001b[39m\u001b[24m\u001b[22m","level":"error","timestamp":"2021-04-10T12:00:51.316Z"}
{"message":"\u001b[1m\u001b[4m\u001b[31mError: products.json is not a function\u001b[39m\u001b[24m\u001b[22m","level":"error","timestamp":"2021-04-10T12:00:51.688Z"}
{"message":"\u001b[1m\u001b[4m\u001b[31mError: Cannot read property 'products' of undefined\u001b[39m\u001b[24m\u001b[22m","level":"error","timestamp":"2021-04-10T14:27:20.338Z"}
{"message":"\u001b[1m\u001b[4m\u001b[31mError: products.json is not a function\u001b[39m\u001b[24m\u001b[22m","level":"error","timestamp":"2021-04-10T14:29:39.584Z"}
{"message":"\u001b[1m\u001b[4m\u001b[31mError: newData is not defined\u001b[39m\u001b[24m\u001b[22m","level":"error","timestamp":"2021-04-10T14:33:47.082Z"}
{"message":"\u001b[1m\u001b[4m\u001b[31mError: Cannot read property '0' of undefined\u001b[39m\u001b[24m\u001b[22m","level":"error","timestamp":"2021-04-10T14:34:40.848Z"}
{"message":"\u001b[1m\u001b[4m\u001b[31mError: Cannot read property '0' of undefined\u001b[39m\u001b[24m\u001b[22m","level":"error","timestamp":"2021-04-10T14:34:44.336Z"}
{"message":"\u001b[1m\u001b[4m\u001b[31mError: Cannot read property '0' of undefined\u001b[39m\u001b[24m\u001b[22m","level":"error","timestamp":"2021-04-10T14:37:28.729Z"}
{"message":"\u001b[1m\u001b[4m\u001b[31mError: Found non-callable @@iterator\u001b[39m\u001b[24m\u001b[22m","level":"error","timestamp":"2021-04-11T09:29:47.350Z"}
{"message":"\u001b[1m\u001b[4m\u001b[31mError: Found non-callable @@iterator\u001b[39m\u001b[24m\u001b[22m","level":"error","timestamp":"2021-04-11T09:35:11.126Z"}
{"message":"\u001b[1m\u001b[4m\u001b[31mError: Found non-callable @@iterator\u001b[39m\u001b[24m\u001b[22m","level":"error","timestamp":"2021-04-11T09:35:54.926Z"}
{"message":"\u001b[1m\u001b[4m\u001b[31mError: productSchema.validateAsync is not a function\u001b[39m\u001b[24m\u001b[22m","level":"error","timestamp":"2021-04-11T15:36:44.591Z"}
{"message":"\u001b[1m\u001b[4m\u001b[31mError: productSchema.validateAsync is not a function\u001b[39m\u001b[24m\u001b[22m","level":"error","timestamp":"2021-04-11T15:37:51.106Z"}
{"message":"\u001b[1m\u001b[4m\u001b[31mError: \"keyword\" is not allowed to be empty\u001b[39m\u001b[24m\u001b[22m","level":"error","timestamp":"2021-04-12T15:48:16.892Z"}
{"message":"\u001b[1m\u001b[4m\u001b[31mError: \"limit\" must be a number\u001b[39m\u001b[24m\u001b[22m","level":"error","timestamp":"2021-04-13T09:50:23.614Z"}
{"message":"\u001b[1m\u001b[4m\u001b[31mError: querySrv ECONNREFUSED _mongodb._tcp.products.ysfwt.mongodb.net\u001b[39m\u001b[24m\u001b[22m","level":"error","timestamp":"2021-04-13T13:34:04.000Z"}
{"message":"\u001b[1m\u001b[4m\u001b[31mError: querySrv ECONNREFUSED _mongodb._tcp.products.ysfwt.mongodb.net\u001b[39m\u001b[24m\u001b[22m","level":"error","timestamp":"2021-04-13T13:34:06.580Z"}
{"message":"\u001b[1m\u001b[4m\u001b[31mError: querySrv ECONNREFUSED _mongodb._tcp.products.ysfwt.mongodb.net\u001b[39m\u001b[24m\u001b[22m","level":"error","timestamp":"2021-04-13T13:34:13.198Z"}
{"message":"\u001b[1m\u001b[4m\u001b[31mError: querySrv ECONNREFUSED _mongodb._tcp.products.ysfwt.mongodb.net\u001b[39m\u001b[24m\u001b[22m","level":"error","timestamp":"2021-04-13T13:35:27.592Z"}
{"message":"\u001b[1m\u001b[4m\u001b[31mError: querySrv ECONNREFUSED _mongodb._tcp.products.ysfwt.mongodb.net\u001b[39m\u001b[24m\u001b[22m","level":"error","timestamp":"2021-04-13T13:35:30.564Z"}
{"message":"\u001b[1m\u001b[4m\u001b[31mError: querySrv ECONNREFUSED _mongodb._tcp.products.ysfwt.mongodb.net\u001b[39m\u001b[24m\u001b[22m","level":"error","timestamp":"2021-04-13T13:35:33.332Z"}
{"message":"\u001b[1m\u001b[4m\u001b[31mError: querySrv ECONNREFUSED _mongodb._tcp.products.ysfwt.mongodb.net\u001b[39m\u001b[24m\u001b[22m","level":"error","timestamp":"2021-04-13T13:35:39.087Z"}
{"message":"\u001b[1m\u001b[4m\u001b[31mError: querySrv ECONNREFUSED _mongodb._tcp.products.ysfwt.mongodb.net\u001b[39m\u001b[24m\u001b[22m","level":"error","timestamp":"2021-04-13T13:36:00.075Z"}
{"message":"\u001b[1m\u001b[4m\u001b[31mError: Cast to ObjectId failed for value \":id\" at path \"_id\" for model \"Product\"\u001b[39m\u001b[24m\u001b[22m","level":"error","timestamp":"2021-04-14T09:33:16.967Z"}
{"message":"\u001b[1m\u001b[4m\u001b[31mError: Cast to ObjectId failed for value \"1\" at path \"_id\" for model \"Product\"\u001b[39m\u001b[24m\u001b[22m","level":"error","timestamp":"2021-04-14T09:33:22.290Z"}
{"message":"\u001b[1m\u001b[4m\u001b[31mError: Cast to ObjectId failed for value \"DEV-MALABSI-1616602773628\" at path \"_id\" for model \"Product\"\u001b[39m\u001b[24m\u001b[22m","level":"error","timestamp":"2021-04-14T09:33:50.744Z"}
{"message":"\u001b[1m\u001b[4m\u001b[31mError: \"id\" must be a number\u001b[39m\u001b[24m\u001b[22m","level":"error","timestamp":"2021-04-14T09:41:09.150Z"}
{"message":"\u001b[1m\u001b[4m\u001b[31mError: Cast to ObjectId failed for value \"60\" at path \"_id\" for model \"Product\"\u001b[39m\u001b[24m\u001b[22m","level":"error","timestamp":"2021-04-14T09:45:04.036Z"}
{"message":"\u001b[1m\u001b[4m\u001b[31mError: \"id\" with value \"60\" fails to match the valid mongo id pattern\u001b[39m\u001b[24m\u001b[22m","level":"error","timestamp":"2021-04-14T10:34:20.970Z"}
{"message":"\u001b[1m\u001b[4m\u001b[31mError: \"id\" with value \"60a\" fails to match the valid mongo id pattern\u001b[39m\u001b[24m\u001b[22m","level":"error","timestamp":"2021-04-14T10:34:27.603Z"}
{"message":"\u001b[1m\u001b[4m\u001b[31mError: \"id\" with value \"6\" fails to match the valid mongo id pattern\u001b[39m\u001b[24m\u001b[22m","level":"error","timestamp":"2021-04-14T10:34:47.540Z"}
{"message":"\u001b[7m\u001b[31mError: Product validation failed: material: Path `material` is required., size: Path `size` is required.\u001b[39m\u001b[27m","level":"error","timestamp":"2021-04-14T13:18:29.462Z"}
{"message":"The exception was caught","level":"error","timestamp":"2021-04-14T13:21:43.508Z"}
{"message":"\u001b[1m\u001b[4m\u001b[31mError: products.countDocuments is not a function\u001b[39m\u001b[24m\u001b[22m","level":"error","timestamp":"2021-04-17T21:58:04.212Z"}
{"message":"\u001b[1m\u001b[4m\u001b[31mError: Cannot read property 'totalitems' of undefined\u001b[39m\u001b[24m\u001b[22m","level":"error","timestamp":"2021-04-17T21:58:04.212Z"}
{"message":"\u001b[1m\u001b[4m\u001b[31mError: products.count is not a function\u001b[39m\u001b[24m\u001b[22m","level":"error","timestamp":"2021-04-17T21:59:31.582Z"}
{"message":"\u001b[1m\u001b[4m\u001b[31mError: Cannot read property 'totalitems' of undefined\u001b[39m\u001b[24m\u001b[22m","level":"error","timestamp":"2021-04-17T21:59:31.583Z"}
{"message":"\u001b[1m\u001b[4m\u001b[31mError: products.count is not a function\u001b[39m\u001b[24m\u001b[22m","level":"error","timestamp":"2021-04-17T21:59:32.474Z"}
{"message":"\u001b[1m\u001b[4m\u001b[31mError: Cannot read property 'totalitems' of undefined\u001b[39m\u001b[24m\u001b[22m","level":"error","timestamp":"2021-04-17T21:59:32.476Z"}
{"message":"\u001b[1m\u001b[4m\u001b[31mError: products.count is not a function\u001b[39m\u001b[24m\u001b[22m","level":"error","timestamp":"2021-04-17T21:59:33.809Z"}
{"message":"\u001b[1m\u001b[4m\u001b[31mError: Cannot read property 'totalitems' of undefined\u001b[39m\u001b[24m\u001b[22m","level":"error","timestamp":"2021-04-17T21:59:33.810Z"}
{"message":"\u001b[1m\u001b[4m\u001b[31mError: products.count is not a function\u001b[39m\u001b[24m\u001b[22m","level":"error","timestamp":"2021-04-17T21:59:33.962Z"}
{"message":"\u001b[1m\u001b[4m\u001b[31mError: Cannot read property 'totalitems' of undefined\u001b[39m\u001b[24m\u001b[22m","level":"error","timestamp":"2021-04-17T21:59:33.963Z"}
{"message":"\u001b[1m\u001b[4m\u001b[31mError: products.count is not a function\u001b[39m\u001b[24m\u001b[22m","level":"error","timestamp":"2021-04-17T21:59:34.216Z"}
{"message":"\u001b[1m\u001b[4m\u001b[31mError: Cannot read property 'totalitems' of undefined\u001b[39m\u001b[24m\u001b[22m","level":"error","timestamp":"2021-04-17T21:59:34.216Z"}
{"message":"\u001b[1m\u001b[4m\u001b[31mError: products.count is not a function\u001b[39m\u001b[24m\u001b[22m","level":"error","timestamp":"2021-04-17T21:59:46.936Z"}
{"message":"\u001b[1m\u001b[4m\u001b[31mError: Cannot read property 'totalitems' of undefined\u001b[39m\u001b[24m\u001b[22m","level":"error","timestamp":"2021-04-17T21:59:46.937Z"}
{"message":"\u001b[1m\u001b[4m\u001b[31mError: #<Object> is not a function\u001b[39m\u001b[24m\u001b[22m","level":"error","timestamp":"2021-04-18T21:01:47.502Z"}
{"message":"\u001b[1m\u001b[4m\u001b[31mError: Cannot read property 'totalitems' of undefined\u001b[39m\u001b[24m\u001b[22m","level":"error","timestamp":"2021-04-18T21:01:47.503Z"}
{"message":"\u001b[1m\u001b[4m\u001b[31mError: #<Object> is not a function\u001b[39m\u001b[24m\u001b[22m","level":"error","timestamp":"2021-04-18T21:01:55.354Z"}
{"message":"\u001b[1m\u001b[4m\u001b[31mError: Cannot read property 'totalitems' of undefined\u001b[39m\u001b[24m\u001b[22m","level":"error","timestamp":"2021-04-18T21:01:55.354Z"}
{"message":"\u001b[1m\u001b[4m\u001b[31mError: #<Object> is not a function\u001b[39m\u001b[24m\u001b[22m","level":"error","timestamp":"2021-04-18T21:04:01.995Z"}
{"message":"\u001b[1m\u001b[4m\u001b[31mError: Cannot read property 'totalitems' of undefined\u001b[39m\u001b[24m\u001b[22m","level":"error","timestamp":"2021-04-18T21:04:01.995Z"}
{"message":"\u001b[1m\u001b[4m\u001b[31mError: #<Object> is not a function\u001b[39m\u001b[24m\u001b[22m","level":"error","timestamp":"2021-04-18T21:05:49.628Z"}
{"message":"\u001b[1m\u001b[4m\u001b[31mError: Cannot read property 'totalitems' of undefined\u001b[39m\u001b[24m\u001b[22m","level":"error","timestamp":"2021-04-18T21:05:49.629Z"}
{"message":"\u001b[1m\u001b[4m\u001b[31mError: #<Object> is not a function\u001b[39m\u001b[24m\u001b[22m","level":"error","timestamp":"2021-04-18T21:05:51.943Z"}
{"message":"\u001b[1m\u001b[4m\u001b[31mError: Cannot read property 'totalitems' of undefined\u001b[39m\u001b[24m\u001b[22m","level":"error","timestamp":"2021-04-18T21:05:51.944Z"}
{"message":"\u001b[1m\u001b[4m\u001b[31mError: products.aggregate is not a function\u001b[39m\u001b[24m\u001b[22m","level":"error","timestamp":"2021-04-19T08:40:26.822Z"}
{"message":"\u001b[1m\u001b[4m\u001b[31mError: Cannot read property 'totalitems' of undefined\u001b[39m\u001b[24m\u001b[22m","level":"error","timestamp":"2021-04-19T08:40:26.822Z"}
{"message":"\u001b[1m\u001b[4m\u001b[31mError: products.count is not a function\u001b[39m\u001b[24m\u001b[22m","level":"error","timestamp":"2021-04-19T08:41:14.874Z"}
{"message":"\u001b[1m\u001b[4m\u001b[31mError: Cannot read property 'totalitems' of undefined\u001b[39m\u001b[24m\u001b[22m","level":"error","timestamp":"2021-04-19T08:41:14.874Z"}
{"message":"\u001b[1m\u001b[4m\u001b[31mError: #<Object> is not a function\u001b[39m\u001b[24m\u001b[22m","level":"error","timestamp":"2021-04-19T08:42:06.372Z"}
{"message":"\u001b[1m\u001b[4m\u001b[31mError: Cannot read property 'totalitems' of undefined\u001b[39m\u001b[24m\u001b[22m","level":"error","timestamp":"2021-04-19T08:42:06.373Z"}
{"message":"The exception was caught","level":"error","timestamp":"2021-05-04T12:00:03.961Z"}
{"message":"The exception was caught","level":"error","timestamp":"2021-05-04T12:00:41.782Z"}
{"message":"The exception was caught","level":"error","timestamp":"2021-05-04T12:01:46.842Z"}
{"message":"The exception was caught","level":"error","timestamp":"2021-05-04T12:02:01.779Z"}
{"message":"The exception was caught","level":"error","timestamp":"2021-05-05T08:08:49.933Z"}
{"message":"The exception was caught","level":"error","timestamp":"2021-05-05T08:08:49.935Z"}
{"message":"The exception was caught","level":"error","timestamp":"2021-05-05T08:08:49.936Z"}
{"message":"The exception was caught","level":"error","timestamp":"2021-05-05T08:09:52.939Z"}
{"message":"The exception was caught","level":"error","timestamp":"2021-05-05T08:09:52.941Z"}
{"message":"The exception was caught","level":"error","timestamp":"2021-05-05T08:09:52.942Z"}
{"message":"The exception was caught","level":"error","timestamp":"2021-05-05T08:09:59.648Z"}
{"message":"The exception was caught","level":"error","timestamp":"2021-05-05T08:09:59.650Z"}
{"message":"The exception was caught","level":"error","timestamp":"2021-05-05T08:09:59.651Z"}
{"message":"The exception was caught","level":"error","timestamp":"2021-05-05T08:10:05.914Z"}
{"message":"The exception was caught","level":"error","timestamp":"2021-05-05T08:10:05.917Z"}
{"message":"The exception was caught","level":"error","timestamp":"2021-05-05T08:10:05.918Z"}
{"message":"The exception was caught","level":"error","timestamp":"2021-05-05T08:10:55.697Z"}
{"message":"The exception was caught","level":"error","timestamp":"2021-05-05T08:10:55.699Z"}
{"message":"The exception was caught","level":"error","timestamp":"2021-05-05T08:10:55.701Z"}
{"message":"The exception was caught","level":"error","timestamp":"2021-05-05T08:11:03.300Z"}
{"message":"The exception was caught","level":"error","timestamp":"2021-05-05T08:11:03.302Z"}
{"message":"The exception was caught","level":"error","timestamp":"2021-05-05T08:11:03.304Z"}
{"message":"The exception was caught","level":"error","timestamp":"2021-05-05T08:11:17.432Z"}
{"message":"The exception was caught","level":"error","timestamp":"2021-05-05T08:11:17.434Z"}
{"message":"The exception was caught","level":"error","timestamp":"2021-05-05T08:11:17.435Z"}
{"message":"The exception was caught","level":"error","timestamp":"2021-05-05T08:11:27.413Z"}
{"message":"The exception was caught","level":"error","timestamp":"2021-05-05T08:11:27.415Z"}
{"message":"The exception was caught","level":"error","timestamp":"2021-05-05T08:11:27.424Z"}
{"message":"The exception was caught","level":"error","timestamp":"2021-05-05T08:11:33.960Z"}
{"message":"The exception was caught","level":"error","timestamp":"2021-05-05T08:11:33.961Z"}
{"message":"The exception was caught","level":"error","timestamp":"2021-05-05T08:11:33.962Z"}
{"message":"The exception was caught","level":"error","timestamp":"2021-05-05T08:11:47.871Z"}
{"message":"The exception was caught","level":"error","timestamp":"2021-05-05T08:11:47.873Z"}
{"message":"The exception was caught","level":"error","timestamp":"2021-05-05T08:11:47.874Z"}
{"message":"The exception was caught","level":"error","timestamp":"2021-05-05T08:12:00.816Z"}
{"message":"The exception was caught","level":"error","timestamp":"2021-05-05T08:12:00.819Z"}
{"message":"The exception was caught","level":"error","timestamp":"2021-05-05T08:12:00.820Z"}
{"message":"The exception was caught","level":"error","timestamp":"2021-05-05T08:12:09.003Z"}
{"message":"The exception was caught","level":"error","timestamp":"2021-05-05T08:12:09.005Z"}
{"message":"The exception was caught","level":"error","timestamp":"2021-05-05T08:12:09.007Z"}
{"message":"The exception was caught","level":"error","timestamp":"2021-05-05T08:12:36.788Z"}
{"message":"The exception was caught","level":"error","timestamp":"2021-05-05T08:12:36.790Z"}
{"message":"The exception was caught","level":"error","timestamp":"2021-05-05T08:12:36.820Z"}
{"message":"The exception was caught","level":"error","timestamp":"2021-05-05T08:13:01.006Z"}
{"message":"The exception was caught","level":"error","timestamp":"2021-05-05T08:13:01.062Z"}
{"message":"The exception was caught","level":"error","timestamp":"2021-05-05T08:13:01.088Z"}
{"message":"The exception was caught","level":"error","timestamp":"2021-05-05T08:13:14.747Z"}
{"message":"The exception was caught","level":"error","timestamp":"2021-05-05T08:13:14.749Z"}
{"message":"The exception was caught","level":"error","timestamp":"2021-05-05T08:13:14.783Z"}
{"message":"The exception was caught","level":"error","timestamp":"2021-05-05T08:13:16.536Z"}
{"message":"The exception was caught","level":"error","timestamp":"2021-05-05T08:13:16.539Z"}
{"message":"The exception was caught","level":"error","timestamp":"2021-05-05T08:13:16.540Z"}
{"message":"The exception was caught","level":"error","timestamp":"2021-05-05T08:14:21.551Z"}
{"message":"The exception was caught","level":"error","timestamp":"2021-05-05T08:14:21.908Z"}
{"message":"The exception was caught","level":"error","timestamp":"2021-05-05T08:14:21.910Z"}
{"message":"The exception was caught","level":"error","timestamp":"2021-05-05T08:14:21.911Z"}
{"message":"The exception was caught","level":"error","timestamp":"2021-05-05T08:14:31.898Z"}
{"message":"The exception was caught","level":"error","timestamp":"2021-05-05T08:14:31.900Z"}
{"message":"The exception was caught","level":"error","timestamp":"2021-05-05T08:14:31.901Z"}
{"message":"The exception was caught","level":"error","timestamp":"2021-05-05T08:14:37.838Z"}
{"message":"The exception was caught","level":"error","timestamp":"2021-05-05T08:14:37.840Z"}
{"message":"The exception was caught","level":"error","timestamp":"2021-05-05T08:14:37.841Z"}
{"message":"The exception was caught","level":"error","timestamp":"2021-05-05T08:22:22.339Z"}
{"message":"The exception was caught","level":"error","timestamp":"2021-05-05T08:22:22.341Z"}
{"message":"The exception was caught","level":"error","timestamp":"2021-05-05T08:22:22.342Z"}
{"message":"The exception was caught","level":"error","timestamp":"2021-05-05T08:23:03.237Z"}
{"message":"The exception was caught","level":"error","timestamp":"2021-05-05T08:23:03.240Z"}
{"message":"The exception was caught","level":"error","timestamp":"2021-05-05T08:23:03.242Z"}
{"message":"The exception was caught","level":"error","timestamp":"2021-05-05T08:23:38.249Z"}
{"message":"The exception was caught","level":"error","timestamp":"2021-05-05T08:23:38.251Z"}
{"message":"The exception was caught","level":"error","timestamp":"2021-05-05T08:23:38.252Z"}
{"message":"The exception was caught","level":"error","timestamp":"2021-05-05T08:24:44.373Z"}
{"message":"The exception was caught","level":"error","timestamp":"2021-05-05T08:24:44.376Z"}
{"message":"The exception was caught","level":"error","timestamp":"2021-05-05T08:24:44.387Z"}
{"message":"The exception was caught","level":"error","timestamp":"2021-05-05T08:30:20.440Z"}
{"message":"The exception was caught","level":"error","timestamp":"2021-05-05T08:30:20.443Z"}
{"message":"The exception was caught","level":"error","timestamp":"2021-05-05T08:30:20.444Z"}
{"message":"The exception was caught","level":"error","timestamp":"2021-05-05T08:30:30.223Z"}
{"message":"The exception was caught","level":"error","timestamp":"2021-05-05T08:30:30.255Z"}
{"message":"The exception was caught","level":"error","timestamp":"2021-05-05T08:30:30.304Z"}
{"message":"The exception was caught","level":"error","timestamp":"2021-05-05T08:30:59.919Z"}
{"message":"The exception was caught","level":"error","timestamp":"2021-05-05T08:30:59.921Z"}
{"message":"The exception was caught","level":"error","timestamp":"2021-05-05T08:30:59.922Z"}
{"message":"The exception was caught","level":"error","timestamp":"2021-05-05T08:31:16.937Z"}
{"message":"The exception was caught","level":"error","timestamp":"2021-05-05T08:31:16.939Z"}
{"message":"The exception was caught","level":"error","timestamp":"2021-05-05T08:31:16.940Z"}
{"message":"The exception was caught","level":"error","timestamp":"2021-05-05T08:31:42.987Z"}
{"message":"The exception was caught","level":"error","timestamp":"2021-05-05T08:31:42.989Z"}
{"message":"The exception was caught","level":"error","timestamp":"2021-05-05T08:31:43.058Z"}
{"message":"The exception was caught","level":"error","timestamp":"2021-05-05T08:31:52.440Z"}
{"message":"The exception was caught","level":"error","timestamp":"2021-05-05T08:31:52.441Z"}
{"message":"The exception was caught","level":"error","timestamp":"2021-05-05T08:31:52.453Z"}
{"message":"The exception was caught","level":"error","timestamp":"2021-05-05T08:32:31.953Z"}
{"message":"The exception was caught","level":"error","timestamp":"2021-05-05T08:32:31.955Z"}
{"message":"The exception was caught","level":"error","timestamp":"2021-05-05T08:32:31.988Z"}
{"message":"The exception was caught","level":"error","timestamp":"2021-05-05T08:32:42.434Z"}
{"message":"The exception was caught","level":"error","timestamp":"2021-05-05T08:32:42.437Z"}
{"message":"The exception was caught","level":"error","timestamp":"2021-05-05T08:32:42.439Z"}
{"message":"The exception was caught","level":"error","timestamp":"2021-05-05T08:35:01.902Z"}
{"message":"The exception was caught","level":"error","timestamp":"2021-05-05T08:35:01.904Z"}
{"message":"The exception was caught","level":"error","timestamp":"2021-05-05T08:35:01.905Z"}
{"message":"The exception was caught","level":"error","timestamp":"2021-05-05T08:36:13.373Z"}
{"message":"The exception was caught","level":"error","timestamp":"2021-05-05T08:36:13.375Z"}
{"message":"The exception was caught","level":"error","timestamp":"2021-05-05T08:36:13.380Z"}
{"message":"The exception was caught","level":"error","timestamp":"2021-05-05T08:36:13.381Z"}
{"message":"The exception was caught","level":"error","timestamp":"2021-05-05T08:36:13.384Z"}
{"message":"The exception was caught","level":"error","timestamp":"2021-05-05T08:36:13.386Z"}
{"message":"The exception was caught","level":"error","timestamp":"2021-05-05T08:37:49.004Z"}
{"message":"The exception was caught","level":"error","timestamp":"2021-05-05T08:37:49.009Z"}
{"message":"The exception was caught","level":"error","timestamp":"2021-05-05T08:37:49.011Z"}
{"message":"The exception was caught","level":"error","timestamp":"2021-05-05T08:37:49.012Z"}
{"message":"The exception was caught","level":"error","timestamp":"2021-05-05T08:37:49.028Z"}
{"message":"The exception was caught","level":"error","timestamp":"2021-05-05T08:37:49.068Z"}
{"message":"The exception was caught","level":"error","timestamp":"2021-05-05T08:38:36.661Z"}
{"message":"The exception was caught","level":"error","timestamp":"2021-05-05T08:38:36.663Z"}
{"message":"The exception was caught","level":"error","timestamp":"2021-05-05T08:38:36.664Z"}
{"message":"\u001b[1m\u001b[4m\u001b[31mError: Cannot read property 'keyword' of undefined\u001b[39m\u001b[24m\u001b[22m","level":"error","timestamp":"2021-05-05T08:54:29.643Z"}
{"message":"Error: Cannot read property 'keyword' of undefined","level":"error","timestamp":"2021-05-05T08:57:36.393Z"}
{"message":"Error: Cannot read property 'keyword' of undefined","level":"error","timestamp":"2021-05-05T08:58:17.450Z"}
{"message":"Error: Cannot read property 'keyword' of undefined","level":"error","timestamp":"2021-05-05T09:00:13.921Z"}
{"message":"Error: Cannot read property 'keyword' of undefined","level":"error","timestamp":"2021-05-05T09:03:55.082Z"}
{"message":"Error: Cannot read property 'keyword' of undefined","level":"error","timestamp":"2021-05-05T09:05:42.851Z"}
{"message":"Error: Cannot read property 'keyword' of undefined","level":"error","timestamp":"2021-05-05T09:08:37.820Z"}
{"message":"Error: Cannot read property 'keyword' of undefined","level":"error","timestamp":"2021-05-05T09:10:04.263Z"}
{"message":"Error: Cannot read property 'keyword' of undefined","level":"error","timestamp":"2021-05-05T09:11:22.336Z"}
{"message":"Error: Cannot read property 'keyword' of undefined","level":"error","timestamp":"2021-05-05T09:11:48.943Z"}
{"message":"Error: Cannot read property 'keyword' of undefined","level":"error","timestamp":"2021-05-05T09:12:36.803Z"}
{"message":"Error: Cannot read property 'keyword' of undefined","level":"error","timestamp":"2021-05-05T09:16:49.927Z"}
{"message":"Error: Cannot read property 'keyword' of undefined","level":"error","timestamp":"2021-05-05T09:21:04.136Z"}
{"message":"Error: Cannot read property 'keyword' of undefined","level":"error","timestamp":"2021-05-05T09:26:51.065Z"}
{"message":"Error: Cannot read property 'keyword' of undefined","level":"error","timestamp":"2021-05-05T09:28:15.276Z"}
{"message":"Error: Cannot read property 'keyword' of undefined","level":"error","timestamp":"2021-05-05T09:28:15.283Z"}
{"message":"Error: Cannot read property 'keyword' of undefined","level":"error","timestamp":"2021-05-05T09:28:51.674Z"}
{"message":"Error: Cannot read property 'keyword' of undefined","level":"error","timestamp":"2021-05-05T09:30:34.976Z"}
{"message":"Error: Cannot read property 'keyword' of undefined","level":"error","timestamp":"2021-05-05T09:30:34.979Z"}
{"message":"Error: Cannot read property 'keyword' of undefined","level":"error","timestamp":"2021-05-05T09:32:39.129Z"}
{"message":"Error: Cannot read property 'keyword' of undefined","level":"error","timestamp":"2021-05-05T09:34:42.034Z"}
{"message":"Error: Cannot read property 'keyword' of undefined","level":"error","timestamp":"2021-05-05T09:38:02.709Z"}
{"message":"Error: Cannot read property 'keyword' of undefined","level":"error","timestamp":"2021-05-05T10:13:33.497Z"}
{"message":"Error: Cannot read property 'keyword' of undefined","level":"error","timestamp":"2021-05-05T10:13:40.349Z"}
{"message":"Error: Cannot read property 'keyword' of undefined","level":"error","timestamp":"2021-05-05T10:25:17.183Z"}
{"message":"Error: Cannot read property 'keyword' of undefined","level":"error","timestamp":"2021-05-05T10:25:24.425Z"}
{"message":"Error: Cannot read property 'keyword' of undefined","level":"error","timestamp":"2021-05-05T10:35:58.481Z"}
{"message":"Error: Cannot read property 'keyword' of undefined","level":"error","timestamp":"2021-05-05T13:16:21.169Z"}
{"message":"Error: Cannot read property 'keyword' of undefined","level":"error","timestamp":"2021-05-05T13:16:35.592Z"}
{"message":"Error: Cannot read property 'keyword' of undefined","level":"error","timestamp":"2021-05-05T13:16:50.385Z"}
{"message":"Error: Cannot read property 'keyword' of undefined","level":"error","timestamp":"2021-05-05T13:17:05.011Z"}
{"message":"Error: Cannot read property 'keyword' of undefined","level":"error","timestamp":"2021-05-05T13:50:01.815Z"}
{"message":"Error: Cannot read property 'keyword' of undefined","level":"error","timestamp":"2021-05-06T10:43:53.701Z"}
{"message":"Error: Cannot read property 'keyword' of undefined","level":"error","timestamp":"2021-05-06T10:44:02.639Z"}
{"message":"Error: Cannot read property 'keyword' of undefined","level":"error","timestamp":"2021-05-06T10:44:48.474Z"}
{"message":"Error: Cannot read property 'keyword' of undefined","level":"error","timestamp":"2021-05-06T10:46:29.583Z"}
{"message":"Error: Cannot read property 'keyword' of undefined","level":"error","timestamp":"2021-05-06T10:46:44.738Z"}
{"message":"Error: Cannot read property 'keyword' of undefined","level":"error","timestamp":"2021-05-06T10:47:35.065Z"}
{"message":"Error: Cannot read property 'keyword' of undefined","level":"error","timestamp":"2021-05-06T10:47:50.941Z"}
{"message":"Error: Cannot read property 'keyword' of undefined","level":"error","timestamp":"2021-05-06T10:48:06.706Z"}
{"message":"Error: Cannot read property 'keyword' of undefined","level":"error","timestamp":"2021-05-06T10:48:40.077Z"}
{"message":"Error: Cannot read property 'keyword' of undefined","level":"error","timestamp":"2021-05-06T10:49:02.346Z"}
{"message":"Error: Cannot read property 'keyword' of undefined","level":"error","timestamp":"2021-05-06T10:49:46.335Z"}
{"message":"Error: Cannot read property 'id' of undefined","level":"error","timestamp":"2021-05-06T10:50:02.703Z"}
{"message":"Error: Cannot read property 'keyword' of undefined","level":"error","timestamp":"2021-05-06T10:50:03.811Z"}
{"message":"Error: Cannot read property 'keyword' of undefined","level":"error","timestamp":"2021-05-06T10:50:16.469Z"}
{"message":"Error: Cannot read property 'keyword' of undefined","level":"error","timestamp":"2021-05-06T10:51:24.609Z"}
{"message":"Error: Cannot read property 'keyword' of undefined","level":"error","timestamp":"2021-05-06T10:51:35.088Z"}
{"message":"Error: Cannot read property 'keyword' of undefined","level":"error","timestamp":"2021-05-06T10:51:46.479Z"}
{"message":"Error: Cannot read property 'keyword' of undefined","level":"error","timestamp":"2021-05-06T10:51:58.723Z"}
{"message":"Error: Cannot read property 'keyword' of undefined","level":"error","timestamp":"2021-05-06T10:53:01.718Z"}
{"message":"Error: Cannot read property 'keyword' of undefined","level":"error","timestamp":"2021-05-06T10:54:15.137Z"}
{"message":"Error: Cannot read property 'keyword' of undefined","level":"error","timestamp":"2021-05-06T10:54:32.677Z"}
{"message":"Error: Cannot read property 'keyword' of undefined","level":"error","timestamp":"2021-05-06T10:54:44.391Z"}
{"message":"Error: Cannot read property 'id' of undefined","level":"error","timestamp":"2021-05-06T10:55:04.601Z"}
{"message":"Error: Cannot read property 'keyword' of undefined","level":"error","timestamp":"2021-05-06T10:55:05.893Z"}
{"message":"Error: Cannot read property 'keyword' of undefined","level":"error","timestamp":"2021-05-06T10:57:31.137Z"}
{"message":"Error: Cannot read property 'keyword' of undefined","level":"error","timestamp":"2021-05-06T10:57:41.780Z"}
{"message":"Error: Cannot read property 'keyword' of undefined","level":"error","timestamp":"2021-05-06T10:58:08.004Z"}
{"message":"Error: Cannot read property 'keyword' of undefined","level":"error","timestamp":"2021-05-06T10:58:35.062Z"}
{"message":"Error: Cannot read property 'keyword' of undefined","level":"error","timestamp":"2021-05-06T11:01:49.514Z"}
{"message":"Error: Cannot read property 'keyword' of undefined","level":"error","timestamp":"2021-05-06T11:02:02.075Z"}
{"message":"Error: Cannot read property 'keyword' of undefined","level":"error","timestamp":"2021-05-06T11:02:13.593Z"}
{"message":"Error: Cannot read property 'keyword' of undefined","level":"error","timestamp":"2021-05-06T11:02:25.853Z"}
{"message":"Error: Cannot read property 'keyword' of undefined","level":"error","timestamp":"2021-05-06T11:02:50.099Z"}
{"message":"Error: Cannot read property 'keyword' of undefined","level":"error","timestamp":"2021-05-06T11:04:48.181Z"}
{"message":"Error: Cannot read property 'keyword' of undefined","level":"error","timestamp":"2021-05-06T11:12:57.009Z"}
{"message":"Error: Cannot read property 'keyword' of undefined","level":"error","timestamp":"2021-05-06T11:13:11.746Z"}
{"message":"Error: Cannot read property 'keyword' of undefined","level":"error","timestamp":"2021-05-06T11:16:32.132Z"}
{"message":"Error: Cannot read property 'keyword' of undefined","level":"error","timestamp":"2021-05-06T11:16:44.094Z"}
{"message":"Error: Cannot read property 'keyword' of undefined","level":"error","timestamp":"2021-05-06T11:16:55.519Z"}
{"message":"Error: Cannot read property 'keyword' of undefined","level":"error","timestamp":"2021-05-06T11:17:06.955Z"}
{"message":"Error: Cannot read property 'keyword' of undefined","level":"error","timestamp":"2021-05-06T11:17:18.338Z"}
{"message":"Error: Cannot read property 'keyword' of undefined","level":"error","timestamp":"2021-05-06T11:17:30.353Z"}
{"message":"Error: Cannot read property 'keyword' of undefined","level":"error","timestamp":"2021-05-06T11:17:42.676Z"}
{"message":"Error: Cannot read property 'keyword' of undefined","level":"error","timestamp":"2021-05-06T11:17:54.697Z"}
{"message":"Error: Cannot read property 'keyword' of undefined","level":"error","timestamp":"2021-05-06T11:18:06.087Z"}
{"message":"Error: Cannot read property 'keyword' of undefined","level":"error","timestamp":"2021-05-06T12:22:32.850Z"}
{"message":"Error: Cannot read property 'keyword' of undefined","level":"error","timestamp":"2021-05-06T12:41:56.277Z"}
{"message":"Error: Cannot read property 'keyword' of undefined","level":"error","timestamp":"2021-05-06T12:43:29.696Z"}
{"message":"Error: Cannot read property 'keyword' of undefined","level":"error","timestamp":"2021-05-06T12:43:53.479Z"}
{"message":"Error: Cannot read property 'keyword' of undefined","level":"error","timestamp":"2021-05-06T12:44:06.181Z"}
{"message":"Error: Cannot read property 'keyword' of undefined","level":"error","timestamp":"2021-05-06T12:44:14.872Z"}
{"message":"Error: Cannot read property 'keyword' of undefined","level":"error","timestamp":"2021-05-06T12:44:30.199Z"}
{"message":"Error: Cannot read property 'keyword' of undefined","level":"error","timestamp":"2021-05-06T12:45:23.807Z"}
{"message":"Error: Cannot read property 'keyword' of undefined","level":"error","timestamp":"2021-05-06T12:45:33.799Z"}
